#
# There is insufficient memory for the Java Runtime Environment to continue.
# Native memory allocation (malloc) failed to allocate 32744 bytes for ChunkPool::allocate
# Possible reasons:
#   The system is out of physical RAM or swap space
#   The process is running with CompressedOops enabled, and the Java Heap may be blocking the growth of the native heap
# Possible solutions:
#   Reduce memory load on the system
#   Increase physical memory or swap space
#   Check if swap backing store is full
#   Decrease Java heap size (-Xmx/-Xms)
#   Decrease number of Java threads
#   Decrease Java thread stack sizes (-Xss)
#   Set larger code cache with -XX:ReservedCodeCacheSize=
#   JVM is running with Unscaled Compressed Oops mode in which the Java heap is
#     placed in the first 4GB address space. The Java Heap base address is the
#     maximum limit for the native heap growth. Please use -XX:HeapBaseMinAddress
#     to set the Java Heap base and to place the Java Heap above 4GB virtual address.
# This output file may be truncated or incomplete.
#
#  Out of Memory Error (allocation.cpp:272), pid=5200, tid=0x00000000000020d8
#
# JRE version: OpenJDK Runtime Environment (8.0_202-b03) (build 1.8.0_202-release-1483-b03)
# Java VM: OpenJDK 64-Bit Server VM (25.202-b03 mixed mode windows-amd64 compressed oops)
# Failed to write core dump. Minidumps are not enabled by default on client versions of Windows
#

---------------  T H R E A D  ---------------

Current thread (0x00000000166fb800):  JavaThread "C2 CompilerThread1" daemon [_thread_in_native, id=8408, stack(0x0000000017e50000,0x0000000017f50000)]

Stack: [0x0000000017e50000,0x0000000017f50000]
[error occurred during error reporting (printing stack bounds), id 0xc0000005]

Native frames: (J=compiled Java code, j=interpreted, Vv=VM code, C=native code)


Current CompileTask:
C2:   9863 2388       4       java.net.URLClassLoader$1::run (5 bytes)


---------------  P R O C E S S  ---------------

Java Threads: ( => current thread )
  0x0000000018a4d000 JavaThread "Cache worker for execution history cache (C:\Users\monica\.gradle\caches\5.4.1\executionHistory)" [_thread_blocked, id=6804, stack(0x0000000020800000,0x0000000020900000)]
  0x0000000018a4b000 JavaThread "Cache worker for cache directory md-rule (C:\Users\monica\.gradle\caches\5.4.1\md-rule)" [_thread_blocked, id=10408, stack(0x0000000020700000,0x0000000020800000)]
  0x0000000018a4c800 JavaThread "Cache worker for cache directory md-supplier (C:\Users\monica\.gradle\caches\5.4.1\md-supplier)" [_thread_blocked, id=2212, stack(0x000000001efd0000,0x000000001f0d0000)]
  0x00000000194df800 JavaThread "Cache worker for file hash cache (C:\Users\monica\AndroidStudioProjects\ProjectUAS\.gradle\5.4.1\fileHashes)" [_thread_blocked, id=5324, stack(0x000000001ead0000,0x000000001ebd0000)]
  0x00000000194de000 JavaThread "Cache worker for journal cache (C:\Users\monica\.gradle\caches\journal-1)" [_thread_blocked, id=7644, stack(0x000000001b2a0000,0x000000001b3a0000)]
  0x00000000194dd000 JavaThread "File lock request listener" [_thread_in_native, id=2144, stack(0x000000001b1a0000,0x000000001b2a0000)]
  0x00000000194db800 JavaThread "Cache worker for file hash cache (C:\Users\monica\.gradle\caches\5.4.1\fileHashes)" [_thread_blocked, id=5572, stack(0x000000001b0a0000,0x000000001b1a0000)]
  0x0000000018320000 JavaThread "Thread-9" [_thread_blocked, id=4788, stack(0x000000001afa0000,0x000000001b0a0000)]
  0x00000000193aa800 JavaThread "Stdin handler" [_thread_blocked, id=1288, stack(0x000000001aea0000,0x000000001afa0000)]
  0x00000000193a7000 JavaThread "Asynchronous log dispatcher for DefaultDaemonConnection: socket connection from /127.0.0.1:57951 to /127.0.0.1:57952" [_thread_blocked, id=8380, stack(0x000000001ada0000,0x000000001aea0000)]
  0x0000000018659000 JavaThread "Daemon worker" [_thread_in_vm, id=7684, stack(0x000000001aca0000,0x000000001ada0000)]
  0x0000000018658800 JavaThread "Cancel handler" [_thread_blocked, id=912, stack(0x000000001aba0000,0x000000001aca0000)]
  0x0000000018862000 JavaThread "Handler for socket connection from /127.0.0.1:57951 to /127.0.0.1:57952" [_thread_in_native, id=2172, stack(0x000000001a8a0000,0x000000001a9a0000)]
  0x000000001885d800 JavaThread "Daemon" [_thread_blocked, id=9724, stack(0x000000001a7a0000,0x000000001a8a0000)]
  0x000000001877f800 JavaThread "Daemon periodic checks" [_thread_blocked, id=5492, stack(0x000000001a6a0000,0x000000001a7a0000)]
  0x00000000192a3800 JavaThread "Incoming local TCP Connector on port 57951" [_thread_in_native, id=10748, stack(0x000000001a460000,0x000000001a560000)]
  0x0000000019ae1800 JavaThread "Daemon health stats" [_thread_blocked, id=10024, stack(0x0000000019e20000,0x0000000019f20000)]
  0x000000001675b000 JavaThread "Service Thread" daemon [_thread_blocked, id=7636, stack(0x0000000018450000,0x0000000018550000)]
  0x0000000016703000 JavaThread "C1 CompilerThread2" daemon [_thread_in_native, id=9524, stack(0x0000000017f50000,0x0000000018050000)]
=>0x00000000166fb800 JavaThread "C2 CompilerThread1" daemon [_thread_in_native, id=8408, stack(0x0000000017e50000,0x0000000017f50000)]
  0x00000000166f8000 JavaThread "C2 CompilerThread0" daemon [_thread_in_native, id=8892, stack(0x0000000017d50000,0x0000000017e50000)]
  0x0000000016707000 JavaThread "Attach Listener" daemon [_thread_blocked, id=11236, stack(0x0000000017c50000,0x0000000017d50000)]
  0x0000000016705800 JavaThread "Signal Dispatcher" daemon [_thread_blocked, id=11088, stack(0x0000000017b50000,0x0000000017c50000)]
  0x0000000002d8b000 JavaThread "Finalizer" daemon [_thread_blocked, id=1852, stack(0x0000000017950000,0x0000000017a50000)]
  0x00000000166e9000 JavaThread "Reference Handler" daemon [_thread_blocked, id=4564, stack(0x0000000017850000,0x0000000017950000)]
  0x0000000002c8d800 JavaThread "main" [_thread_blocked, id=6448, stack(0x0000000002b40000,0x0000000002c40000)]

Other Threads:
  0x00000000166c7000 VMThread [stack: 0x0000000017750000,0x0000000017850000] [id=9548]
  0x000000001675c000 WatcherThread [stack: 0x0000000018550000,0x0000000018650000] [id=4172]

VM state:not at safepoint (normal execution)

VM Mutex/Monitor currently owned by a thread:  ([mutex/lock_event])
[0x0000000002c8bfe0] CodeCache_lock - owner thread: 0x0000000000000000

heap address: 0x00000000a0000000, size: 1536 MB, Compressed Oops mode: 32-bit
Narrow klass base: 0x0000000000000000, Narrow klass shift: 3
Compressed class space size: 1073741824 Address: 0x0000000100000000

Heap:
 PSYoungGen      total 76800K, used 10053K [0x00000000e0000000, 0x00000000e8600000, 0x0000000100000000)
  eden space 66560K, 2% used [0x00000000e0000000,0x00000000e0159e50,0x00000000e4100000)
  from space 10240K, 84% used [0x00000000e7c00000,0x00000000e8477680,0x00000000e8600000)
  to   space 10240K, 0% used [0x00000000e4100000,0x00000000e4100000,0x00000000e4b00000)
 ParOldGen       total 54272K, used 8440K [0x00000000a0000000, 0x00000000a3500000, 0x00000000e0000000)
  object space 54272K, 15% used [0x00000000a0000000,0x00000000a083e3e0,0x00000000a3500000)
 Metaspace       used 32398K, capacity 32942K, committed 33152K, reserved 1077248K
  class space    used 4466K, capacity 4652K, committed 4736K, reserved 1048576K

Card table byte_map: [0x0000000012150000,0x0000000012460000] byte_map_base: 0x0000000011c50000

Marking Bits: (ParMarkBitMap*) 0x0000000059c89f30
 Begin Bits: [0x0000000012a60000, 0x0000000014260000)
 End Bits:   [0x0000000014260000, 0x0000000015a60000)

Polling page: 0x0000000000df0000

CodeCache: size=245760Kb used=9405Kb max_used=9405Kb free=236354Kb
 bounds [0x0000000002d90000, 0x00000000036d0000, 0x0000000011d90000]
 total_blobs=3107 nmethods=2425 adapters=595
 compilation: enabled

Compilation events (10 events):
Event: 9.854 Thread 0x0000000016703000 nmethod 2427 0x00000000036a5890 code [0x00000000036a5a20, 0x00000000036a5d58]
Event: 9.854 Thread 0x0000000016703000 2428       1       com.google.common.collect.LinkedHashMultimap$ValueEntry::getPredecessorInMultimap (5 bytes)
Event: 9.854 Thread 0x0000000016703000 nmethod 2428 0x00000000036a55d0 code [0x00000000036a5720, 0x00000000036a5830]
Event: 9.854 Thread 0x0000000016703000 2429       3       com.google.common.collect.LinkedHashMultimap::access$400 (6 bytes)
Event: 9.854 Thread 0x0000000016703000 nmethod 2429 0x00000000036a4f50 code [0x00000000036a50c0, 0x00000000036a5430]
Event: 9.855 Thread 0x0000000016703000 2430       3       org.objectweb.asm.FieldWriter::<init> (69 bytes)
Event: 9.855 Thread 0x0000000016703000 nmethod 2430 0x00000000036b8a10 code [0x00000000036b8bc0, 0x00000000036b9188]
Event: 9.856 Thread 0x0000000016703000 2431       3       org.objectweb.asm.ByteVector::enlarge (51 bytes)
Event: 9.856 Thread 0x0000000016703000 nmethod 2431 0x00000000036b9390 code [0x00000000036b9500, 0x00000000036b9828]
Event: 9.857 Thread 0x0000000016703000 2432       3       org.gradle.model.internal.asm.AsmClassGeneratorUtils::visitType (417 bytes)

GC Heap History (10 events):
Event: 6.705 GC heap before
{Heap before GC invocations=5 (full 0):
 PSYoungGen      total 38400K, used 38384K [0x00000000e0000000, 0x00000000e4b00000, 0x0000000100000000)
  eden space 33280K, 100% used [0x00000000e0000000,0x00000000e2080000,0x00000000e2080000)
  from space 5120K, 99% used [0x00000000e2580000,0x00000000e2a7c030,0x00000000e2a80000)
  to   space 5120K, 0% used [0x00000000e2080000,0x00000000e2080000,0x00000000e2580000)
 ParOldGen       total 87552K, used 5118K [0x00000000a0000000, 0x00000000a5580000, 0x00000000e0000000)
  object space 87552K, 5% used [0x00000000a0000000,0x00000000a04ffb48,0x00000000a5580000)
 Metaspace       used 19169K, capacity 19632K, committed 19968K, reserved 1067008K
  class space    used 2790K, capacity 2958K, committed 3072K, reserved 1048576K
Event: 6.715 GC heap after
Heap after GC invocations=5 (full 0):
 PSYoungGen      total 38400K, used 5092K [0x00000000e0000000, 0x00000000e5600000, 0x0000000100000000)
  eden space 33280K, 0% used [0x00000000e0000000,0x00000000e0000000,0x00000000e2080000)
  from space 5120K, 99% used [0x00000000e2080000,0x00000000e2579050,0x00000000e2580000)
  to   space 10752K, 0% used [0x00000000e4b80000,0x00000000e4b80000,0x00000000e5600000)
 ParOldGen       total 87552K, used 8808K [0x00000000a0000000, 0x00000000a5580000, 0x00000000e0000000)
  object space 87552K, 10% used [0x00000000a0000000,0x00000000a089a010,0x00000000a5580000)
 Metaspace       used 19169K, capacity 19632K, committed 19968K, reserved 1067008K
  class space    used 2790K, capacity 2958K, committed 3072K, reserved 1048576K
}
Event: 6.922 GC heap before
{Heap before GC invocations=6 (full 0):
 PSYoungGen      total 38400K, used 16274K [0x00000000e0000000, 0x00000000e5600000, 0x0000000100000000)
  eden space 33280K, 33% used [0x00000000e0000000,0x00000000e0aeb840,0x00000000e2080000)
  from space 5120K, 99% used [0x00000000e2080000,0x00000000e2579050,0x00000000e2580000)
  to   space 10752K, 0% used [0x00000000e4b80000,0x00000000e4b80000,0x00000000e5600000)
 ParOldGen       total 87552K, used 8808K [0x00000000a0000000, 0x00000000a5580000, 0x00000000e0000000)
  object space 87552K, 10% used [0x00000000a0000000,0x00000000a089a010,0x00000000a5580000)
 Metaspace       used 20711K, capacity 21142K, committed 21296K, reserved 1067008K
  class space    used 2956K, capacity 3119K, committed 3200K, reserved 1048576K
Event: 6.943 GC heap after
Heap after GC invocations=6 (full 0):
 PSYoungGen      total 76288K, used 6763K [0x00000000e0000000, 0x00000000e5500000, 0x0000000100000000)
  eden space 66560K, 0% used [0x00000000e0000000,0x00000000e0000000,0x00000000e4100000)
  from space 9728K, 69% used [0x00000000e4b80000,0x00000000e521adf0,0x00000000e5500000)
  to   space 10240K, 0% used [0x00000000e4100000,0x00000000e4100000,0x00000000e4b00000)
 ParOldGen       total 87552K, used 8808K [0x00000000a0000000, 0x00000000a5580000, 0x00000000e0000000)
  object space 87552K, 10% used [0x00000000a0000000,0x00000000a089a010,0x00000000a5580000)
 Metaspace       used 20711K, capacity 21142K, committed 21296K, reserved 1067008K
  class space    used 2956K, capacity 3119K, committed 3200K, reserved 1048576K
}
Event: 6.943 GC heap before
{Heap before GC invocations=7 (full 1):
 PSYoungGen      total 76288K, used 6763K [0x00000000e0000000, 0x00000000e5500000, 0x0000000100000000)
  eden space 66560K, 0% used [0x00000000e0000000,0x00000000e0000000,0x00000000e4100000)
  from space 9728K, 69% used [0x00000000e4b80000,0x00000000e521adf0,0x00000000e5500000)
  to   space 10240K, 0% used [0x00000000e4100000,0x00000000e4100000,0x00000000e4b00000)
 ParOldGen       total 87552K, used 8808K [0x00000000a0000000, 0x00000000a5580000, 0x00000000e0000000)
  object space 87552K, 10% used [0x00000000a0000000,0x00000000a089a010,0x00000000a5580000)
 Metaspace       used 20711K, capacity 21142K, committed 21296K, reserved 1067008K
  class space    used 2956K, capacity 3119K, committed 3200K, reserved 1048576K
Event: 7.007 GC heap after
Heap after GC invocations=7 (full 1):
 PSYoungGen      total 76288K, used 0K [0x00000000e0000000, 0x00000000e5500000, 0x0000000100000000)
  eden space 66560K, 0% used [0x00000000e0000000,0x00000000e0000000,0x00000000e4100000)
  from space 9728K, 0% used [0x00000000e4b80000,0x00000000e4b80000,0x00000000e5500000)
  to   space 10240K, 0% used [0x00000000e4100000,0x00000000e4100000,0x00000000e4b00000)
 ParOldGen       total 54272K, used 8432K [0x00000000a0000000, 0x00000000a3500000, 0x00000000e0000000)
  object space 54272K, 15% used [0x00000000a0000000,0x00000000a083c3e0,0x00000000a3500000)
 Metaspace       used 20711K, capacity 21142K, committed 21296K, reserved 1067008K
  class space    used 2956K, capacity 3119K, committed 3200K, reserved 1048576K
}
Event: 8.310 GC heap before
{Heap before GC invocations=8 (full 1):
 PSYoungGen      total 76288K, used 66560K [0x00000000e0000000, 0x00000000e5500000, 0x0000000100000000)
  eden space 66560K, 100% used [0x00000000e0000000,0x00000000e4100000,0x00000000e4100000)
  from space 9728K, 0% used [0x00000000e4b80000,0x00000000e4b80000,0x00000000e5500000)
  to   space 10240K, 0% used [0x00000000e4100000,0x00000000e4100000,0x00000000e4b00000)
 ParOldGen       total 54272K, used 8432K [0x00000000a0000000, 0x00000000a3500000, 0x00000000e0000000)
  object space 54272K, 15% used [0x00000000a0000000,0x00000000a083c3e0,0x00000000a3500000)
 Metaspace       used 29042K, capacity 29552K, committed 29824K, reserved 1075200K
  class space    used 3927K, capacity 4098K, committed 4224K, reserved 1048576K
Event: 8.327 GC heap after
Heap after GC invocations=8 (full 1):
 PSYoungGen      total 76800K, used 8092K [0x00000000e0000000, 0x00000000e8600000, 0x0000000100000000)
  eden space 66560K, 0% used [0x00000000e0000000,0x00000000e0000000,0x00000000e4100000)
  from space 10240K, 79% used [0x00000000e4100000,0x00000000e48e71a8,0x00000000e4b00000)
  to   space 10240K, 0% used [0x00000000e7c00000,0x00000000e7c00000,0x00000000e8600000)
 ParOldGen       total 54272K, used 8440K [0x00000000a0000000, 0x00000000a3500000, 0x00000000e0000000)
  object space 54272K, 15% used [0x00000000a0000000,0x00000000a083e3e0,0x00000000a3500000)
 Metaspace       used 29042K, capacity 29552K, committed 29824K, reserved 1075200K
  class space    used 3927K, capacity 4098K, committed 4224K, reserved 1048576K
}
Event: 9.770 GC heap before
{Heap before GC invocations=9 (full 1):
 PSYoungGen      total 76800K, used 74652K [0x00000000e0000000, 0x00000000e8600000, 0x0000000100000000)
  eden space 66560K, 100% used [0x00000000e0000000,0x00000000e4100000,0x00000000e4100000)
  from space 10240K, 79% used [0x00000000e4100000,0x00000000e48e71a8,0x00000000e4b00000)
  to   space 10240K, 0% used [0x00000000e7c00000,0x00000000e7c00000,0x00000000e8600000)
 ParOldGen       total 54272K, used 8440K [0x00000000a0000000, 0x00000000a3500000, 0x00000000e0000000)
  object space 54272K, 15% used [0x00000000a0000000,0x00000000a083e3e0,0x00000000a3500000)
 Metaspace       used 32387K, capacity 32942K, committed 33152K, reserved 1077248K
  class space    used 4466K, capacity 4652K, committed 4736K, reserved 1048576K
Event: 9.842 GC heap after
Heap after GC invocations=9 (full 1):
 PSYoungGen      total 76800K, used 8669K [0x00000000e0000000, 0x00000000e8600000, 0x0000000100000000)
  eden space 66560K, 0% used [0x00000000e0000000,0x00000000e0000000,0x00000000e4100000)
  from space 10240K, 84% used [0x00000000e7c00000,0x00000000e8477680,0x00000000e8600000)
  to   space 10240K, 0% used [0x00000000e4100000,0x00000000e4100000,0x00000000e4b00000)
 ParOldGen       total 54272K, used 8440K [0x00000000a0000000, 0x00000000a3500000, 0x00000000e0000000)
  object space 54272K, 15% used [0x00000000a0000000,0x00000000a083e3e0,0x00000000a3500000)
 Metaspace       used 32387K, capacity 32942K, committed 33152K, reserved 1077248K
  class space    used 4466K, capacity 4652K, committed 4736K, reserved 1048576K
}

Deoptimization events (10 events):
Event: 7.914 Thread 0x0000000018659000 Uncommon trap: reason=unstable_if action=reinterpret pc=0x00000000031d4b0c method=java.util.HashMap.hash(Ljava/lang/Object;)I @ 1
Event: 7.914 Thread 0x0000000018659000 Uncommon trap: reason=unstable_if action=reinterpret pc=0x00000000031d2298 method=java.util.HashMap.putVal(ILjava/lang/Object;Ljava/lang/Object;ZZ)Ljava/lang/Object; @ 85
Event: 8.001 Thread 0x0000000018659000 Uncommon trap: reason=unstable_if action=reinterpret pc=0x00000000030783b0 method=java.util.LinkedHashMap.afterNodeInsertion(Z)V @ 1
Event: 8.242 Thread 0x0000000018659000 Uncommon trap: reason=unstable_if action=reinterpret pc=0x0000000003584bc8 method=java.util.WeakHashMap.put(Ljava/lang/Object;Ljava/lang/Object;)Ljava/lang/Object; @ 72
Event: 8.302 Thread 0x0000000018659000 Uncommon trap: reason=class_check action=maybe_recompile pc=0x0000000003377fb0 method=sun.misc.URLClassPath.getLoader(I)Lsun/misc/URLClassPath$Loader; @ 94
Event: 8.309 Thread 0x0000000018659000 Uncommon trap: reason=class_check action=maybe_recompile pc=0x00000000033756b0 method=sun.misc.URLClassPath.getLoader(I)Lsun/misc/URLClassPath$Loader; @ 239
Event: 8.329 Thread 0x00000000166e9000 Uncommon trap: reason=unstable_if action=reinterpret pc=0x0000000003340ffc method=java.lang.ref.Reference.tryHandlePending(Z)Z @ 104
Event: 8.476 Thread 0x0000000018659000 Uncommon trap: reason=unstable_if action=reinterpret pc=0x000000000303008c method=java.io.WinNTFileSystem.resolve(Ljava/lang/String;Ljava/lang/String;)Ljava/lang/String; @ 49
Event: 9.229 Thread 0x0000000018659000 Uncommon trap: reason=range_check action=make_not_entrant pc=0x00000000036b0aac method=java.lang.String.charAt(I)C @ 27
Event: 9.297 Thread 0x0000000018659000 Uncommon trap: reason=unstable_if action=reinterpret pc=0x00000000035ea620 method=java.net.URI.match(CJJ)Z @ 45

Classes redefined (0 events):
No events

Internal exceptions (10 events):
Event: 8.553 Thread 0x0000000018659000 Exception <a 'java/lang/ClassNotFoundException': org/gradle/api/internal/DefaultDomainObjectCollectionCustomizer> (0x00000000e0f54aa8) thrown at [D:\src\AOSP-openjdk-cygwin\jdk8u\hotspot\src\share\vm\classfile\systemDictionary.cpp, line 210]
Event: 8.561 Thread 0x0000000018659000 Exception <a 'java/lang/ClassNotFoundException': org/gradle/api/internal/DefaultNamedDomainObjectCollectionCustomizer> (0x00000000e0fad7d0) thrown at [D:\src\AOSP-openjdk-cygwin\jdk8u\hotspot\src\share\vm\classfile\systemDictionary.cpp, line 210]
Event: 8.566 Thread 0x0000000018659000 Exception <a 'java/lang/ClassNotFoundException': org/gradle/api/internal/DefaultNamedDomainObjectListCustomizer> (0x00000000e101bf98) thrown at [D:\src\AOSP-openjdk-cygwin\jdk8u\hotspot\src\share\vm\classfile\systemDictionary.cpp, line 210]
Event: 8.573 Thread 0x0000000018659000 Exception <a 'java/lang/ClassNotFoundException': org/gradle/api/internal/artifacts/DefaultArtifactRepositoryContainerCustomizer> (0x00000000e10889e8) thrown at [D:\src\AOSP-openjdk-cygwin\jdk8u\hotspot\src\share\vm\classfile\systemDictionary.cpp, line 210
Event: 8.576 Thread 0x0000000018659000 Exception <a 'java/lang/ClassNotFoundException': org/gradle/api/internal/artifacts/dsl/DefaultRepositoryHandlerCustomizer> (0x00000000e10e5fe0) thrown at [D:\src\AOSP-openjdk-cygwin\jdk8u\hotspot\src\share\vm\classfile\systemDictionary.cpp, line 210]
Event: 8.579 Thread 0x0000000018659000 Exception <a 'java/lang/ClassNotFoundException': org/gradle/api/internal/artifacts/dsl/DefaultRepositoryHandler_DecoratedCustomizer> (0x00000000e1159528) thrown at [D:\src\AOSP-openjdk-cygwin\jdk8u\hotspot\src\share\vm\classfile\systemDictionary.cpp, line
Event: 9.105 Thread 0x0000000018659000 Exception <a 'java/lang/ClassNotFoundException': org/gradle/api/internal/artifacts/dsl/dependencies/DefaultDependencyHandler_DecoratedBeanInfo> (0x00000000e3132688) thrown at [D:\src\AOSP-openjdk-cygwin\jdk8u\hotspot\src\share\vm\classfile\systemDictionar
Event: 9.112 Thread 0x0000000018659000 Exception <a 'java/lang/ClassNotFoundException': org/gradle/api/internal/artifacts/dsl/dependencies/DefaultDependencyHandlerBeanInfo> (0x00000000e3181ce0) thrown at [D:\src\AOSP-openjdk-cygwin\jdk8u\hotspot\src\share\vm\classfile\systemDictionary.cpp, lin
Event: 9.114 Thread 0x0000000018659000 Exception <a 'java/lang/ClassNotFoundException': org/gradle/api/internal/artifacts/dsl/dependencies/DefaultDependencyHandlerCustomizer> (0x00000000e31d2170) thrown at [D:\src\AOSP-openjdk-cygwin\jdk8u\hotspot\src\share\vm\classfile\systemDictionary.cpp, l
Event: 9.136 Thread 0x0000000018659000 Exception <a 'java/lang/ClassNotFoundException': org/gradle/api/internal/artifacts/dsl/dependencies/DefaultDependencyHandler_DecoratedCustomizer> (0x00000000e3255f18) thrown at [D:\src\AOSP-openjdk-cygwin\jdk8u\hotspot\src\share\vm\classfile\systemDiction

Events (10 events):
Event: 9.768 loading class org/gradle/internal/component/local/model/RootConfigurationMetadata
Event: 9.768 loading class org/gradle/internal/component/local/model/RootConfigurationMetadata done
Event: 9.770 Executing VM operation: ParallelGCFailedAllocation
Event: 9.842 Executing VM operation: ParallelGCFailedAllocation done
Event: 9.844 Executing VM operation: RevokeBias
Event: 9.845 Executing VM operation: RevokeBias done
Event: 9.845 Executing VM operation: RevokeBias
Event: 9.845 Executing VM operation: RevokeBias done
Event: 9.845 Executing VM operation: RevokeBias
Event: 9.845 Executing VM operation: RevokeBias done


Dynamic libraries:
0x00007ff62c5f0000 - 0x00007ff62c621000 	C:\Program Files\Android\Android Studio\jre\bin\java.exe
0x00007ff9b4560000 - 0x00007ff9b474d000 	C:\Windows\SYSTEM32\ntdll.dll
0x00007ff98d260000 - 0x00007ff98d274000 	C:\Program Files\AVAST Software\Avast\aswhook.dll
0x00007ff9b40b0000 - 0x00007ff9b4163000 	C:\Windows\System32\KERNEL32.DLL
0x00007ff9b14e0000 - 0x00007ff9b1773000 	C:\Windows\System32\KERNELBASE.dll
0x00007ff9b1820000 - 0x00007ff9b18c3000 	C:\Windows\System32\ADVAPI32.dll
0x00007ff9b1780000 - 0x00007ff9b181e000 	C:\Windows\System32\msvcrt.dll
0x00007ff9b3cb0000 - 0x00007ff9b3d4e000 	C:\Windows\System32\sechost.dll
0x00007ff9b3f60000 - 0x00007ff9b4082000 	C:\Windows\System32\RPCRT4.dll
0x00007ff9b4170000 - 0x00007ff9b4307000 	C:\Windows\System32\USER32.dll
0x00007ff9b0800000 - 0x00007ff9b0820000 	C:\Windows\System32\win32u.dll
0x00007ff9b1a40000 - 0x00007ff9b1a69000 	C:\Windows\System32\GDI32.dll
0x00007ff9b12c0000 - 0x00007ff9b1459000 	C:\Windows\System32\gdi32full.dll
0x00007ff9b0ad0000 - 0x00007ff9b0b70000 	C:\Windows\System32\msvcp_win.dll
0x00007ff9b0650000 - 0x00007ff9b074a000 	C:\Windows\System32\ucrtbase.dll
0x00007ff99bd30000 - 0x00007ff99bfa9000 	C:\Windows\WinSxS\amd64_microsoft.windows.common-controls_6595b64144ccf1df_6.0.17763.802_none_05b1445c0722d2cc\COMCTL32.dll
0x00007ff9b1d30000 - 0x00007ff9b205c000 	C:\Windows\System32\combase.dll
0x00007ff9b1460000 - 0x00007ff9b14de000 	C:\Windows\System32\bcryptPrimitives.dll
0x00007ff9b1d00000 - 0x00007ff9b1d2e000 	C:\Windows\System32\IMM32.DLL
0x0000000059300000 - 0x00000000593d2000 	C:\Program Files\Android\Android Studio\jre\jre\bin\msvcr100.dll
0x00000000594c0000 - 0x0000000059d06000 	C:\Program Files\Android\Android Studio\jre\jre\bin\server\jvm.dll
0x00007ff9b3b00000 - 0x00007ff9b3b08000 	C:\Windows\System32\PSAPI.DLL
0x00007ff9a2a00000 - 0x00007ff9a2a09000 	C:\Windows\SYSTEM32\WSOCK32.dll
0x00007ff9b44c0000 - 0x00007ff9b452d000 	C:\Windows\System32\WS2_32.dll
0x00007ff9ae6c0000 - 0x00007ff9ae6e4000 	C:\Windows\SYSTEM32\WINMM.dll
0x00007ff9ac140000 - 0x00007ff9ac14a000 	C:\Windows\SYSTEM32\VERSION.dll
0x00007ff9ae690000 - 0x00007ff9ae6bd000 	C:\Windows\SYSTEM32\WINMMBASE.dll
0x00007ff9b07b0000 - 0x00007ff9b07fa000 	C:\Windows\System32\cfgmgr32.dll
0x00007ff9a63f0000 - 0x00007ff9a63ff000 	C:\Program Files\Android\Android Studio\jre\jre\bin\verify.dll
0x00007ff98e700000 - 0x00007ff98e729000 	C:\Program Files\Android\Android Studio\jre\jre\bin\java.dll
0x00007ff9a3b10000 - 0x00007ff9a3b26000 	C:\Program Files\Android\Android Studio\jre\jre\bin\zip.dll
0x00007ff9b2600000 - 0x00007ff9b3af4000 	C:\Windows\System32\SHELL32.dll
0x00007ff9b2550000 - 0x00007ff9b25f8000 	C:\Windows\System32\shcore.dll
0x00007ff9b0b70000 - 0x00007ff9b12bd000 	C:\Windows\System32\windows.storage.dll
0x00007ff9b05d0000 - 0x00007ff9b05f4000 	C:\Windows\System32\profapi.dll
0x00007ff9b0570000 - 0x00007ff9b05cd000 	C:\Windows\System32\powrprof.dll
0x00007ff9b3c40000 - 0x00007ff9b3c92000 	C:\Windows\System32\shlwapi.dll
0x00007ff9b0600000 - 0x00007ff9b0611000 	C:\Windows\System32\kernel.appcore.dll
0x00007ff9b0820000 - 0x00007ff9b0837000 	C:\Windows\System32\cryptsp.dll
0x00007ff9a3520000 - 0x00007ff9a353a000 	C:\Program Files\Android\Android Studio\jre\jre\bin\net.dll
0x00007ff9afdc0000 - 0x00007ff9afe27000 	C:\Windows\system32\mswsock.dll
0x00007ff9a0a50000 - 0x00007ff9a0a61000 	C:\Program Files\Android\Android Studio\jre\jre\bin\nio.dll
0x00007ff9875a0000 - 0x00007ff9875c6000 	C:\Users\monica\.gradle\native\29\windows-amd64\native-platform.dll
0x00007ff9a6320000 - 0x00007ff9a632d000 	C:\Program Files\Android\Android Studio\jre\jre\bin\management.dll
0x00007ff9af8e0000 - 0x00007ff9af913000 	C:\Windows\system32\rsaenh.dll
0x00007ff9b0620000 - 0x00007ff9b0646000 	C:\Windows\System32\bcrypt.dll
0x00007ff9b0480000 - 0x00007ff9b04a8000 	C:\Windows\SYSTEM32\USERENV.dll
0x00007ff9b0010000 - 0x00007ff9b001c000 	C:\Windows\SYSTEM32\CRYPTBASE.dll
0x00007ff9afae0000 - 0x00007ff9afb1d000 	C:\Windows\SYSTEM32\IPHLPAPI.DLL
0x00007ff9b2060000 - 0x00007ff9b2068000 	C:\Windows\System32\NSI.dll
0x00007ff9a4ac0000 - 0x00007ff9a4ad6000 	C:\Windows\SYSTEM32\dhcpcsvc6.DLL
0x00007ff9a4bf0000 - 0x00007ff9a4c0c000 	C:\Windows\SYSTEM32\dhcpcsvc.DLL
0x00007ff9afb30000 - 0x00007ff9afbf6000 	C:\Windows\SYSTEM32\DNSAPI.dll

VM Arguments:
jvm_args: -Xmx1536m -Dfile.encoding=windows-1252 -Duser.country=ID -Duser.language=en -Duser.variant 
java_command: org.gradle.launcher.daemon.bootstrap.GradleDaemon 5.4.1
java_class_path (initial): C:\Users\monica\.gradle\wrapper\dists\gradle-5.4.1-all\3221gyojl5jsh0helicew7rwx\gradle-5.4.1\lib\gradle-launcher-5.4.1.jar
Launcher Type: SUN_STANDARD

Environment Variables:
PATH=C:\oraclexe\app\oracle\product\11.2.0\server\bin;;C:\ProgramData\Oracle\Java\javapath;C:\Program Files (x86)\Common Files\Oracle\Java\javapath;C:\Windows\system32;C:\Windows;C:\Windows\System32\Wbem;C:\Windows\System32\WindowsPowerShell\v1.0\;C:\Windows\System32\OpenSSH\;C:\Users\monica\AppData\Local\Microsoft\WindowsApps;
USERNAME=monica
OS=Windows_NT
PROCESSOR_IDENTIFIER=Intel64 Family 6 Model 78 Stepping 3, GenuineIntel



---------------  S Y S T E M  ---------------

OS: Windows 10.0 , 64 bit Build 17763 (10.0.17763.475)

CPU:total 4 (initial active 4) (2 cores per cpu, 2 threads per core) family 6 model 78 stepping 3, cmov, cx8, fxsr, mmx, sse, sse2, sse3, ssse3, sse4.1, sse4.2, popcnt, avx, avx2, aes, clmul, erms, rtm, 3dnowpref, lzcnt, ht, tsc, tscinvbit, bmi1, bmi2, adx

Memory: 4k page, physical 8259336k(1433960k free), swap 33425160k(5116k free)

vm_info: OpenJDK 64-Bit Server VM (25.202-b03) for windows-amd64 JRE (1.8.0_202-release-1483-b03), built by "builder" with MS VC++ 10.0 (VS2010)

time: Mon Nov 18 18:15:48 2019
timezone: SE Asia Standard Time
elapsed time: 9 seconds (0d 0h 0m 9s)

